<?xml version="1.0" encoding="UTF-8"?>
<testsuite name="com.coveros6.hello_world_tests.EvenNumberGeneratorTest" tests="1" skipped="0" failures="0" errors="0" timestamp="2016-06-03T02:57:33" hostname="Hammids-MBP" time="0.004">
  <properties/>
  <testcase name="testRandomEvenNumberGenerator" classname="com.coveros6.hello_world_tests.EvenNumberGeneratorTest" time="0.004"/>
  <system-out><![CDATA[]]></system-out>
  <system-err><![CDATA[]]></system-err>
</testsuite>
